<?xml version="1.0" encoding="UTF-8"?>
<!-- Generated by org.testng.reporters.JUnitReportReporter -->
<testsuite hostname="QT-INBG-LT1026" failures="0" tests="1" name="TestCase.VerifyBookingCab" time="35.143" errors="0" timestamp="2023-08-29T09:07:38 IST" skipped="0">
  <testcase classname="TestCase.VerifyBookingCab" name="bookingcab" time="35.143"/>
  <system-out/>
</testsuite> <!-- TestCase.VerifyBookingCab -->
