<?xml version="1.0" encoding="UTF-8"?>
<!-- Generated by org.testng.reporters.JUnitReportReporter -->
<testsuite hostname="QT-INBG-LT1026" failures="0" tests="1" name="TestCase.VerifyOfferCode" time="13.212" errors="0" timestamp="2023-08-29T09:07:38 IST" skipped="0">
  <testcase classname="TestCase.VerifyOfferCode" name="offerCode" time="13.212"/>
  <system-out/>
</testsuite> <!-- TestCase.VerifyOfferCode -->
